app/build/outputs/mapping/appRelease/configuration.txt
# The proguard configuration file for the following section is appRelease/processAppReleaseResources/aapt_rules.txt
-keep class androidx.appcompat.app.AppLocalesMetadataHolderService { <init>(); }
-keep class androidx.core.app.CoreComponentFactory { <init>(); }
-keep class androidx.core.content.FileProvider { <init>(); }
-keep class androidx.profileinstaller.ProfileInstallReceiver { <init>(); }
-keep class androidx.room.MultiInstanceInvalidationService { <init>(); }
-keep class androidx.startup.InitializationProvider { <init>(); }
-keep class com.github.jing332.tts_server_android.App { <init>(); }
-keep class com.github.jing332.tts_server_android.compose.DebugSystemTtsActivity { <init>(); }
-keep class com.github.jing332.tts_server_android.compose.LibrariesActivity { <init>(); }
-keep class com.github.jing332.tts_server_android.compose.MainActivity { <init>(); }
-keep class com.github.jing332.tts_server_android.compose.RestartActivity { <init>(); }
-keep class com.github.jing332.tts_server_android.compose.backup.BackupRestoreActivity { <init>(); }
-keep class com.github.jing332.tts_server_android.compose.settings.KeepAliveSettingsActivity { <init>(); }
-keep class com.github.jing332.tts_server_android.compose.systts.directlink.LinkUploadRuleActivity { <init>(); }
-keep class com.github.jing332.tts_server_android.compose.systts.plugin.PluginManagerActivity { <init>(); }
-keep class com.github.jing332.tts_server_android.compose.systts.plugin.PluginPreviewActivity { <init>(); }
-keep class com.github.jing332.tts_server_android.compose.systts.plugin.login.PluginLoginActivity { <init>(); }
-keep class com.github.jing332.tts_server_android.compose.systts.replace.ReplaceManagerActivity { <init>(); }
-keep class com.github.jing332.tts_server_android.compose.systts.speechrule.SpeechRuleManagerActivity { <init>(); }
-keep class com.github.jing332.tts_server_android.service.forwarder.system.QSTileService { <init>(); }
-keep class com.github.jing332.tts_server_android.service.forwarder.system.SysTtsForwarderService { <init>(); }
-keep class com.github.jing332.tts_server_android.service.keepalive.AccessibilityKeepAliveService { <init>(); }
-keep class com.github.jing332.tts_server_android.service.keepalive.AlarmKeepAliveReceiver { <init>(); }
-keep class com.github.jing332.tts_server_android.service.keepalive.BootCompleteReceiver { <init>(); }
-keep class com.github.jing332.tts_server_android.service.keepalive.KeepAliveJobService { <init>(); }
-keep class com.github.jing332.tts_server_android.service.keepalive.KeepAliveService { <init>(); }
-keep class com.github.jing332.tts_server_android.service.keepalive.NetworkKeepAliveService { <init>(); }
-keep class com.github.jing332.tts_server_android.service.keepalive.NotificationKeepAliveService { <init>(); }
-keep class com.github.jing332.tts_server_android.service.keepalive.PixelKeepAliveService { <init>(); }
-keep class com.github.jing332.tts_server_android.service.systts.CheckVoiceData { <init>(); }
-keep class com.github.jing332.tts_server_android.service.systts.SystemTtsService { <init>(); }
-keep class com.github.jing332.tts_server_android.ui.AppHelpDocumentActivity { <init>(); }
-keep class com.github.jing332.tts_server_android.ui.ExoPlayerActivity { <init>(); }
-keep class com.github.jing332.tts_server_android.ui.FilePickerActivity { <init>(); }
-keep class com.github.jing332.tts_server_android.ui.ImportConfigActivity { <init>(); }
-keep class com.github.jing332.tts_server_android.ui.forwarder.SystemForwarderSwitchActivity { <init>(); }
-keep class com.github.jing332.tts_server_android.ui.view.ErrorDialogActivity { <init>(); }
-keep class com.petterp.floatingx.assist.FxContentProvider { <init>(); }
-keep class me.rosuh.filepicker.FilePickerActivity { <init>(); }
-keep class android.widget.Space { <init>(android.content.Context, android.util.AttributeSet); }

-keep class androidx.appcompat.app.AlertController$RecycleListView { <init>(android.content.Context, android.util.AttributeSet); }

-keep class androidx.appcompat.view.menu.ActionMenuItemView { <init>(android.content.Context, android.util.AttributeSet); }

-keep class androidx.appcompat.view.menu.ExpandedMenuView { <init>(android.content.Context, android.util.AttributeSet); }

-keep class androidx.appcompat.view.menu.ListMenuItemView { <init>(android.content.Context, android.util.AttributeSet); }

-keep class androidx.appcompat.widget.ActionBarContainer { <init>(android.content.Context, android.util.AttributeSet); }

-keep class androidx.appcompat.widget.ActionBarContextView { <init>(android.content.Context, android.util.AttributeSet); }

-keep class androidx.appcompat.widget.ActionBarOverlayLayout { <init>(android.content.Context, android.util.AttributeSet); }

-keep class androidx.appcompat.widget.ActionMenuView { <init>(android.content.Context, android.util.AttributeSet); }

-keep class androidx.appcompat.widget.ActivityChooserView$InnerLayout { <init>(android.content.Context, android.util.AttributeSet); }

-keep class androidx.appcompat.widget.AlertDialogLayout { <init>(android.content.Context, android.util.AttributeSet); }

-keep class androidx.appcompat.widget.ButtonBarLayout { <init>(android.content.Context, android.util.AttributeSet); }

-keep class androidx.appcompat.widget.ContentFrameLayout { <init>(android.content.Context, android.util.AttributeSet); }

-keep class androidx.appcompat.widget.DialogTitle { <init>(android.content.Context, android.util.AttributeSet); }

-keep class androidx.appcompat.widget.FitWindowsFrameLayout { <init>(android.content.Context, android.util.AttributeSet); }

-keep class androidx.appcompat.widget.FitWindowsLinearLayout { <init>(android.content.Context, android.util.AttributeSet); }

-keep class androidx.appcompat.widget.SearchView$SearchAutoComplete { <init>(android.content.Context, android.util.AttributeSet); }

-keep class androidx.appcompat.widget.Toolbar { <init>(android.content.Context, android.util.AttributeSet); }

-keep class androidx.appcompat.widget.ViewStubCompat { <init>(android.content.Context, android.util.AttributeSet); }

-keep class androidx.constraintlayout.widget.ConstraintLayout { <init>(android.content.Context, android.util.AttributeSet); }

-keep class androidx.core.widget.NestedScrollView { <init>(android.content.Context, android.util.AttributeSet); }

-keep class androidx.media3.ui.AspectRatioFrameLayout { <init>(android.content.Context, android.util.AttributeSet); }

-keep class androidx.media3.ui.SubtitleView { <init>(android.content.Context, android.util.AttributeSet); }

-keep class androidx.media3.ui.TrackSelectionView { <init>(android.content.Context, android.util.AttributeSet); }

-keep class androidx.recyclerview.widget.RecyclerView { <init>(android.content.Context, android.util.AttributeSet); }

-keep class androidx.swiperefreshlayout.widget.SwipeRefreshLayout { <init>(android.content.Context, android.util.AttributeSet); }

-keep class me.rosuh.filepicker.widget.RecyclerViewFilePicker { <init>(android.content.Context, android.util.AttributeSet); }


# End of content from appRelease/processAppReleaseResources/aapt_rules.txt
# The proguard configuration file for the following section is default_proguard_files/global/proguard-android-optimize.txt-8.8.1
# This is a configuration file for ProGuard.
# http://proguard.sourceforge.net/index.html#manual/usage.html
#
# Starting with version 2.2 of the Android plugin for Gradle, this file is distributed together with
# the plugin and unpacked at build-time. The files in $ANDROID_HOME are no longer maintained and
# will be ignored by new version of the Android plugin for Gradle.

# Optimizations: If you don't want to optimize, use the proguard-android.txt configuration file
# instead of this one, which turns off the optimization flags.
-allowaccessmodification

# Preserve some attributes that may be required for reflection.
-keepattributes AnnotationDefault,
                EnclosingMethod,
                InnerClasses,
                RuntimeVisibleAnnotations,
                RuntimeVisibleParameterAnnotations,
                RuntimeVisibleTypeAnnotations,
                Signature

-keep public class com.google.vending.licensing.ILicensingService
-keep public class com.android.vending.licensing.ILicensingService
-keep public class com.google.android.vending.licensing.ILicensingService
-dontnote com.android.vending.licensing.ILicensingService
-dontnote com.google.vending.licensing.ILicensingService
-dontnote com.google.android.vending.licensing.ILicensingService

# For native methods, see https://www.guardsquare.com/manual/configuration/examples#native
-keepclasseswithmembernames,includedescriptorclasses class * {
    native <methods>;
}

# Keep setters in Views so that animations can still work.
-keepclassmembers public class * extends android.view.View {
    void set*(***);
    *** get*();
}

# We want to keep methods in Activity that could be used in the XML attribute onClick.
-keepclassmembers class * extends android.app.Activity {
    public void *(android.view.View);
}

# For enumeration classes, see https://www.guardsquare.com/manual/configuration/examples#enumerations
-keepclassmembers enum * {
    public static **[] values();
    public static ** valueOf(java.lang.String);
}

-keepclassmembers class * implements android.os.Parcelable {
    public static final ** CREATOR;
}

# Preserve annotated Javascript interface methods.
-keepclassmembers class * {
    @android.webkit.JavascriptInterface <methods>;
}

# The support libraries contains references to newer platform versions.
# Don't warn about those in case this app is linking against an older
# platform version. We know about them, and they are safe.
-dontnote android.support.**
-dontnote androidx.**
-dontwarn android.support.**
-dontwarn androidx.**

# Understand the @Keep support annotation.
-keep class android.support.annotation.Keep

-keep @android.support.annotation.Keep class * {*;}

-keepclasseswithmembers class * {
    @android.support.annotation.Keep <methods>;
}

-keepclasseswithmembers class * {
    @android.support.annotation.Keep <fields>;
}

-keepclasseswithmembers class * {
    @android.support.annotation.Keep <init>(...);
}

# These classes are duplicated between android.jar and org.apache.http.legacy.jar.
-dontnote org.apache.http.**
-dontnote android.net.http.**

# These classes are duplicated between android.jar and core-lambda-stubs.jar.
-dontnote java.lang.invoke.**

# End of content from default_proguard_files/global/proguard-android-optimize.txt-8.8.1
# The proguard configuration file for the following section is app/proguard-rules.pro
-keepattributes SourceFile,LineNumberTable
-keepattributes Exceptions,InnerClasses,Signature

# ============================================
# 核心数据模型保护 - 超精简版（保持 17MB）
# ============================================

# 只保留 database entities（Gson 反序列化必需）
-keep class com.github.jing332.database.entities.** { *; }

# 保留 Parcelable 实现类
-keep class * implements android.os.Parcelable { *; }

# 保留泛型签名（Gson 必需）
-keepattributes Signature
-keepattributes *Annotation*

# Logger
-keepclassmembers class ch.qos.logback.classic.pattern.* { <init>(); }
-keep class ch.qos.logback.** { *; }
-keep class org.slf4j.impl.** { *; }
-keepattributes *Annotation*
-dontwarn ch.qos.logback.core.net.*

-keep class cn.hutool.crypto.** { *; }
-keep class com.hankcs.hanlp.** { *; }

-keepnames class * extends java.lang.Exception

# 判断SVG库是否存在 (io.noties.markwon.image.svg.SvgSupport)
-keepnames class com.caverock.androidsvg.SVG


# OKIO
-keep class okio.* { *; }

# 保持 ViewBinding 实现类中的所有名称以 “inflate” 开头的方法不被混淆
-keepclassmembers class * implements androidx.viewbinding.ViewBinding {
    public static ** inflate(...);
}

-assumenosideeffects class android.util.Log {
#    public static *** e(...);
    public static *** d(...);
    public static *** i(...);
    public static *** v(...);
#    public static *** w(...);
    public static *** wtf(...);
    public static *** println(...);
}
#-assumenosideeffects class java.io.PrintStream {
#    public *** println(...);
#    public *** print(...);
#}

# Keep `Companion` object fields of serializable classes.
# This avoids serializer lookup through `getDeclaredClasses` as done for named companion objects.
-if @kotlinx.serialization.Serializable class **
-keepclassmembers class <1> {
    static <1>$Companion Companion;
}

# Keep `serializer()` on companion objects (both default and named) of serializable classes.
-if @kotlinx.serialization.Serializable class ** {
    static **$* *;
}
-keepclassmembers class <2>$<3> {
    kotlinx.serialization.KSerializer serializer(...);
}

# Keep `INSTANCE.serializer()` of serializable objects.
-if @kotlinx.serialization.Serializable class ** {
    public static ** INSTANCE;
}
-keepclassmembers class <1> {
    public static <1> INSTANCE;
    kotlinx.serialization.KSerializer serializer(...);
}

# @Serializable and @Polymorphic are used at runtime for polymorphic serialization.
-keepattributes RuntimeVisibleAnnotations,AnnotationDefault

# Serializer for classes with named companion objects are retrieved using `getDeclaredClasses`.
# If you have any, uncomment and replace classes with those containing named companion objects.
#-keepattributes InnerClasses # Needed for `getDeclaredClasses`.
#-if @kotlinx.serialization.Serializable class
#com.example.myapplication.HasNamedCompanion, # <-- List serializable classes with named companions.
#com.example.myapplication.HasNamedCompanion2
#{
#    static **$* *;
#}
#-keepnames class <1>$$serializer { # -keepnames suffices; class is kept when serializer() is kept.
#    static <1>$$serializer INSTANCE;
#}

-dontwarn com.bumptech.glide.Glide
-dontwarn com.bumptech.glide.RequestBuilder
-dontwarn com.bumptech.glide.RequestManager
-dontwarn com.bumptech.glide.request.BaseRequestOptions
-dontwarn com.bumptech.glide.request.target.ViewTarget
-dontwarn com.squareup.picasso.Picasso
-dontwarn com.squareup.picasso.RequestCreator
-dontwarn java.awt.AWTException
-dontwarn java.awt.AlphaComposite
-dontwarn java.awt.BasicStroke
-dontwarn java.awt.Color
-dontwarn java.awt.Composite
-dontwarn java.awt.Desktop
-dontwarn java.awt.Dimension
-dontwarn java.awt.Font
-dontwarn java.awt.FontFormatException
-dontwarn java.awt.FontMetrics
-dontwarn java.awt.Graphics2D
-dontwarn java.awt.Graphics
-dontwarn java.awt.GraphicsConfiguration
-dontwarn java.awt.GraphicsDevice
-dontwarn java.awt.GraphicsEnvironment
-dontwarn java.awt.Image
-dontwarn java.awt.Point
-dontwarn java.awt.Rectangle
-dontwarn java.awt.RenderingHints$Key
-dontwarn java.awt.RenderingHints
-dontwarn java.awt.Robot
-dontwarn java.awt.Shape
-dontwarn java.awt.Stroke
-dontwarn java.awt.Toolkit
-dontwarn java.awt.color.ColorSpace
-dontwarn java.awt.datatransfer.Clipboard
-dontwarn java.awt.datatransfer.ClipboardOwner
-dontwarn java.awt.datatransfer.DataFlavor
-dontwarn java.awt.datatransfer.StringSelection
-dontwarn java.awt.datatransfer.Transferable
-dontwarn java.awt.datatransfer.UnsupportedFlavorException
-dontwarn java.awt.font.FontRenderContext
-dontwarn java.awt.geom.AffineTransform
-dontwarn java.awt.geom.Ellipse2D$Double
-dontwarn java.awt.geom.Rectangle2D
-dontwarn java.awt.geom.RoundRectangle2D$Double
-dontwarn java.awt.image.AffineTransformOp
-dontwarn java.awt.image.BufferedImage
-dontwarn java.awt.image.BufferedImageOp
-dontwarn java.awt.image.ColorConvertOp
-dontwarn java.awt.image.ColorModel
-dontwarn java.awt.image.CropImageFilter
-dontwarn java.awt.image.DataBuffer
-dontwarn java.awt.image.DataBufferByte
-dontwarn java.awt.image.DataBufferInt
-dontwarn java.awt.image.FilteredImageSource
-dontwarn java.awt.image.ImageFilter
-dontwarn java.awt.image.ImageObserver
-dontwarn java.awt.image.ImageProducer
-dontwarn java.awt.image.RenderedImage
-dontwarn java.awt.image.SampleModel
-dontwarn java.awt.image.WritableRaster
-dontwarn java.beans.BeanInfo
-dontwarn java.beans.FeatureDescriptor
-dontwarn java.beans.IntrospectionException
-dontwarn java.beans.Introspector
-dontwarn java.beans.PropertyDescriptor
-dontwarn java.beans.PropertyEditor
-dontwarn java.beans.PropertyEditorManager
-dontwarn java.beans.Transient
-dontwarn java.beans.XMLEncoder
-dontwarn java.lang.management.ManagementFactory
-dontwarn java.lang.management.RuntimeMXBean
-dontwarn javax.imageio.IIOImage
-dontwarn javax.imageio.ImageIO
-dontwarn javax.imageio.ImageReader
-dontwarn javax.imageio.ImageTypeSpecifier
-dontwarn javax.imageio.ImageWriteParam
-dontwarn javax.imageio.ImageWriter
-dontwarn javax.imageio.metadata.IIOMetadata
-dontwarn javax.imageio.stream.ImageInputStream
-dontwarn javax.imageio.stream.ImageOutputStream
-dontwarn javax.naming.InitialContext
-dontwarn javax.naming.NamingEnumeration
-dontwarn javax.naming.NamingException
-dontwarn javax.naming.directory.Attribute
-dontwarn javax.naming.directory.Attributes
-dontwarn javax.naming.directory.InitialDirContext
-dontwarn javax.swing.ImageIcon
-dontwarn javax.tools.DiagnosticCollector
-dontwarn javax.tools.DiagnosticListener
-dontwarn javax.tools.FileObject
-dontwarn javax.tools.ForwardingJavaFileManager
-dontwarn javax.tools.JavaCompiler$CompilationTask
-dontwarn javax.tools.JavaCompiler
-dontwarn javax.tools.JavaFileManager$Location
-dontwarn javax.tools.JavaFileManager
-dontwarn javax.tools.JavaFileObject$Kind
-dontwarn javax.tools.JavaFileObject
-dontwarn javax.tools.SimpleJavaFileObject
-dontwarn javax.tools.StandardJavaFileManager
-dontwarn javax.tools.StandardLocation
-dontwarn javax.tools.ToolProvider
-dontwarn javax.xml.bind.JAXBContext
-dontwarn javax.xml.bind.Marshaller
-dontwarn javax.xml.bind.Unmarshaller
-dontwarn org.bouncycastle.asn1.ASN1Encodable
-dontwarn org.bouncycastle.asn1.ASN1InputStream
-dontwarn org.bouncycastle.asn1.ASN1Object
-dontwarn org.bouncycastle.asn1.ASN1ObjectIdentifier
-dontwarn org.bouncycastle.asn1.ASN1Primitive
-dontwarn org.bouncycastle.asn1.ASN1Sequence
-dontwarn org.bouncycastle.asn1.BERSequence
-dontwarn org.bouncycastle.asn1.DERSequence
-dontwarn org.bouncycastle.asn1.DLSequence
-dontwarn org.bouncycastle.asn1.gm.GMNamedCurves
-dontwarn org.bouncycastle.asn1.pkcs.PrivateKeyInfo
-dontwarn org.bouncycastle.asn1.sec.ECPrivateKey
-dontwarn org.bouncycastle.asn1.util.ASN1Dump
-dontwarn org.bouncycastle.asn1.x509.AlgorithmIdentifier
-dontwarn org.bouncycastle.asn1.x509.SubjectPublicKeyInfo
-dontwarn org.bouncycastle.asn1.x9.X9ECParameters
-dontwarn org.bouncycastle.asn1.x9.X9ObjectIdentifiers
-dontwarn org.bouncycastle.cert.X509CertificateHolder
-dontwarn org.bouncycastle.crypto.AlphabetMapper
-dontwarn org.bouncycastle.crypto.BlockCipher
-dontwarn org.bouncycastle.crypto.CipherParameters
-dontwarn org.bouncycastle.crypto.CryptoException
-dontwarn org.bouncycastle.crypto.Digest
-dontwarn org.bouncycastle.crypto.InvalidCipherTextException
-dontwarn org.bouncycastle.crypto.Mac
-dontwarn org.bouncycastle.crypto.digests.SM3Digest
-dontwarn org.bouncycastle.crypto.engines.SM2Engine$Mode
-dontwarn org.bouncycastle.crypto.engines.SM2Engine
-dontwarn org.bouncycastle.crypto.engines.SM4Engine
-dontwarn org.bouncycastle.crypto.macs.CBCBlockCipherMac
-dontwarn org.bouncycastle.crypto.macs.HMac
-dontwarn org.bouncycastle.crypto.params.AsymmetricKeyParameter
-dontwarn org.bouncycastle.crypto.params.ECDomainParameters
-dontwarn org.bouncycastle.crypto.params.ECPrivateKeyParameters
-dontwarn org.bouncycastle.crypto.params.ECPublicKeyParameters
-dontwarn org.bouncycastle.crypto.params.KeyParameter
-dontwarn org.bouncycastle.crypto.params.ParametersWithID
-dontwarn org.bouncycastle.crypto.params.ParametersWithIV
-dontwarn org.bouncycastle.crypto.params.ParametersWithRandom
-dontwarn org.bouncycastle.crypto.signers.DSAEncoding
-dontwarn org.bouncycastle.crypto.signers.PlainDSAEncoding
-dontwarn org.bouncycastle.crypto.signers.SM2Signer
-dontwarn org.bouncycastle.crypto.signers.StandardDSAEncoding
-dontwarn org.bouncycastle.jcajce.provider.asymmetric.ec.BCECPrivateKey