app/build/outputs/mapping/appRelease/seeds.txt
com.github.jing332.tts_server_android.service.keepalive.AccessibilityKeepAliveService
com.github.jing332.tts_server_android.ui.AppHelpDocumentActivity
com.github.jing332.tts_server_android.compose.DebugSystemTtsActivity
com.github.jing332.tts_server_android.ui.FilePickerActivity$IRequestData
com.github.jing332.tts_server_android.service.keepalive.KeepAliveService
com.github.jing332.tts_server_android.service.keepalive.AlarmKeepAliveReceiver
com.github.jing332.tts_server_android.compose.settings.KeepAliveSettingsActivity
com.github.jing332.tts_server_android.compose.systts.plugin.PluginPreviewActivity
com.github.jing332.tts_server_android.SysttsFilter
com.github.jing332.tts_server_android.ui.FilePickerActivity$RequestSelectDir
com.github.jing332.tts_server_android.compose.RestartActivity
com.github.jing332.tts_server_android.ui.FilePickerActivity$RequestSaveFile
com.github.jing332.tts_server_android.compose.systts.directlink.LinkUploadRuleViewModel
com.github.jing332.tts_server_android.compose.SharedViewModel
com.github.jing332.tts_server_android.service.systts.SystemTtsService
com.github.jing332.tts_server_android.service.keepalive.PixelKeepAliveService
com.github.jing332.tts_server_android.service.keepalive.NetworkKeepAliveService
com.github.jing332.tts_server_android.compose.systts.list.ui.LocalTtsViewModel
com.github.jing332.tts_server_android.compose.systts.plugin.PluginEditorViewModel
com.github.jing332.tts_server_android.ui.view.ErrorDialogViewModel
com.github.jing332.tts_server_android.compose.systts.list.GroupEditContentViewModel
com.github.jing332.tts_server_android.service.systts.CheckVoiceData
com.github.jing332.tts_server_android.service.forwarder.system.QSTileService
com.github.jing332.tts_server_android.compose.systts.speechrule.SpeechRuleManagerActivity
com.github.jing332.tts_server_android.compose.systts.replace.edit.RuleEditViewModel
com.github.jing332.tts_server_android.compose.systts.plugin.PluginManagerActivity
com.github.jing332.tts_server_android.compose.MainActivity
com.github.jing332.tts_server_android.compose.backup.BackupRestoreViewModel
com.github.jing332.tts_server_android.ui.forwarder.SystemForwarderSwitchActivity
com.github.jing332.tts_server_android.compose.codeeditor.CodeEditorViewModel
com.github.jing332.tts_server_android.ui.ImportConfigActivity
com.github.jing332.tts_server_android.compose.systts.replace.ReplaceRuleManagerViewModel
com.github.jing332.tts_server_android.ui.view.ErrorDialogActivity
com.github.jing332.tts_server_android.service.keepalive.BootCompleteReceiver
com.github.jing332.tts_server_android.compose.systts.replace.SearchType
com.github.jing332.tts_server_android.compose.forwarder.ConfigViewModel
com.github.jing332.tts_server_android.service.forwarder.system.SysTtsForwarderService
com.github.jing332.tts_server_android.ui.FilePickerActivity
com.github.jing332.tts_server_android.CrashFilter
com.github.jing332.tts_server_android.compose.ComposeActivity
com.github.jing332.tts_server_android.compose.systts.replace.ReplaceManagerActivity
com.github.jing332.tts_server_android.compose.systts.plugin.login.PluginLoginActivity
com.github.jing332.tts_server_android.compose.systts.directlink.LinkUploadRuleActivity
com.github.jing332.tts_server_android.compose.backup.BackupRestoreActivity
com.github.jing332.tts_server_android.ui.FilePickerActivity$RequestSelectFile
com.github.jing332.tts_server_android.service.keepalive.KeepAliveJobService
com.github.jing332.tts_server_android.compose.systts.list.ui.PluginTtsViewModel
com.github.jing332.tts_server_android.service.keepalive.NotificationKeepAliveService
com.github.jing332.tts_server_android.compose.systts.list.ListManagerViewModel
com.github.jing332.tts_server_android.App
com.github.jing332.tts_server_android.compose.LibrariesActivity
com.github.jing332.tts_server_android.compose.systts.TtsLogViewModel
com.github.jing332.tts_server_android.ui.ExoPlayerActivity
...
com.hankcs.hanlp.dependency.perceptron.transition.configuration.CompactTree
io.netty.util.concurrent.ImmediateEventExecutor$ImmediateProgressivePromise
com.drake.net.exception.ServerResponseException
ch.qos.logback.core.spi.AbstractComponentTracker$1
org.mozilla.javascript.ast.IfStatement
io.netty.channel.ChannelOutboundBuffer$3
com.hankcs.hanlp.mining.word2vec.Word2VecTraining$VocabWordComparator
ch.qos.logback.core.rolling.helper.TimeBasedArchiveRemover$1
io.netty.handler.codec.spdy.SpdyHeaderBlockRawDecoder
androidx.fragment.app.FragmentTabHost$SavedState
org.chromium.support_lib_boundary.PrefetchOperationResultBoundaryInterface
io.netty.handler.codec.spdy.DefaultSpdyDataFrame
com.github.jing332.database.entities.systts.SystemTtsMigration
com.google.gson.internal.bind.TypeAdapters$6
org.simpleframework.xml.core.FieldContact
io.netty.handler.codec.http2.DefaultHttp2WindowUpdateFrame
io.netty.util.internal.ObjectPool
org.mozilla.javascript.SecureCaller$1
com.hankcs.hanlp.corpus.dictionary.SimpleDictionary
io.netty.channel.ChannelHandler
org.simpleframework.xml.transform.TimeZoneTransform
org.mozilla.javascript.ast.LabeledStatement
io.netty.channel.epoll.AbstractEpollChannel$1
androidx.lifecycle.ReportFragment$LifecycleCallbacks
io.netty.util.collection.IntObjectHashMap$PrimitiveIterator
io.netty.handler.codec.http2.DefaultHttp2Headers$1
io.netty.handler.codec.http.websocketx.extensions.WebSocketClientExtensionHandler
com.github.jing332.common.utils.ZipUtils$zipFolder$1
org.mozilla.javascript.SlotMapContainer
ch.qos.logback.classic.spi.EventArgUtil
com.github.jing332.tts.error.TextProcessorError$HandleText
org.mozilla.javascript.IRFactory
org.mozilla.javascript.InterpretedFunction
com.hankcs.hanlp.model.hmm.HMMSegmenter
org.simpleframework.xml.core.SignatureScanner
io.netty.handler.codec.compression.FastLzFrameEncoder
io.netty.util.internal.CleanerJava9$1
kotlin.reflect.jvm.internal.ReflectionFactoryImpl
io.netty.resolver.DefaultNameResolver
io.netty.buffer.AdaptivePoolingAllocator$Magazine$2
io.netty.channel.SucceededChannelFuture
io.netty.handler.ssl.ConscryptAlpnSslEngine$1
com.petterp.floatingx.util.FxPermissionFragment
cn.hutool.crypto.SmUtil
io.netty.handler.codec.http.websocketx.WebSocketScheme
io.netty.handler.codec.string.StringEncoder
io.netty.channel.kqueue.KQueueChannelOption
io.netty.util.ResourceLeakTracker
okio.Pipe$source$1
io.netty.util.internal.shaded.org.jctools.queues.atomic.MpscAtomicArrayQueueL1Pad
org.simpleframework.xml.core.PathException
androidx.compose.foundation.gestures.ScrollableElement
io.netty.handler.codec.ByteToMessageDecoder$2
io.netty.handler.codec.http2.Http2RemoteFlowController$Listener
ch.qos.logback.classic.sift.SiftingJoranConfigurator
com.hankcs.hanlp.dependency.nnparser.action.ActionUtils
com.hankcs.hanlp.model.hmm.HiddenMarkovModel
ch.qos.logback.core.subst.Token$Type
com.github.jing332.script.runtime.GlobalWebview
org.joni.exception.SyntaxException
io.netty.handler.codec.http.websocketx.WebSocketClientHandshakeException
androidx.compose.ui.layout.LayoutIdElement
io.netty.handler.ssl.util.BouncyCastleSelfSignedCertGenerator
org.simpleframework.xml.core.ElementArrayParameter$Contact
io.netty.util.collection.ShortObjectHashMap$MapEntry
io.netty.handler.codec.spdy.SpdyPingFrame
com.hankcs.hanlp.model.perceptron.instance.CWSInstance
io.netty.channel.AbstractChannelHandlerContext$1
io.netty.util.internal.PlatformDependent$Mpsc$1
com.hankcs.hanlp.dictionary.nr.JapanesePersonDictionary$Searcher
ch.qos.logback.core.AsyncAppenderBase$Worker
org.mozilla.javascript.debug.Debugger
ch.qos.logback.core.util.ContextUtil
io.netty.handler.ssl.JettyNpnSslEngine$1
com.github.jing332.tts.speech.ILifeState
okhttp3.internal.ws.WebSocketProtocol
org.mozilla.javascript.typedarrays.NativeArrayBufferView
com.hankcs.hanlp.corpus.dictionary.item.Item
org.simpleframework.xml.core.OverrideType
com.hankcs.hanlp.corpus.io.EasyReader
ch.qos.logback.core.rolling.helper.FileFilterUtil