app/build/outputs/mapping/appRelease/usage.txt
com.github.jing332.tts_server_android.App:
    public static final int $stable
    public static final java.lang.String TAG
com.github.jing332.tts_server_android.AppKt
com.github.jing332.tts_server_android.AppLocale:
    public final boolean isSameWithSetting(android.content.Context)
com.github.jing332.tts_server_android.AsyncImageInterceptor:
    public static final int $stable
com.github.jing332.tts_server_android.BuildConfig:
    public static final java.lang.String APPLICATION_ID
    public static final long BUILD_TIME
    public static final java.lang.String BUILD_TYPE
    public static final boolean DEBUG
    public static final java.lang.String FLAVOR
    public static final int VERSION_CODE
    public static final java.lang.String VERSION_NAME
    public void <init>()
com.github.jing332.tts_server_android.CrashHandler$Companion
com.github.jing332.tts_server_android.CrashHandler
com.github.jing332.tts_server_android.PackageDrawable:
    public static final int $stable
    public final java.lang.String component1()
    public final int component2()
    public final com.github.jing332.tts_server_android.PackageDrawable copy(java.lang.String,int)
    public static synthetic com.github.jing332.tts_server_android.PackageDrawable copy$default(com.github.jing332.tts_server_android.PackageDrawable,java.lang.String,int,int,java.lang.Object)
com.github.jing332.tts_server_android.R$color
com.github.jing332.tts_server_android.R$drawable
com.github.jing332.tts_server_android.R$id
com.github.jing332.tts_server_android.R$layout
com.github.jing332.tts_server_android.R$mipmap
com.github.jing332.tts_server_android.R$raw
com.github.jing332.tts_server_android.R$string
com.github.jing332.tts_server_android.R$style
com.github.jing332.tts_server_android.R$xml
com.github.jing332.tts_server_android.R
com.github.jing332.tts_server_android.ShortCuts:
    public static final int $stable
    private final synthetic android.content.Intent buildIntent(android.content.Context)
com.github.jing332.tts_server_android.SysttsLogger:
    public final void unregister(com.github.jing332.tts_server_android.SysttsLogger$LogListener)
com.github.jing332.tts_server_android.bean.Asset$$serializer
com.github.jing332.tts_server_android.bean.Asset$Companion
com.github.jing332.tts_server_android.bean.Asset
com.github.jing332.tts_server_android.bean.GithubReleaseApiBean$$serializer
com.github.jing332.tts_server_android.bean.GithubReleaseApiBean$Companion
com.github.jing332.tts_server_android.bean.GithubReleaseApiBean
com.github.jing332.tts_server_android.bean.LegadoHttpTts$$serializer
com.github.jing332.tts_server_android.bean.LegadoHttpTts$Companion
com.github.jing332.tts_server_android.bean.LegadoHttpTts
com.github.jing332.tts_server_android.compose.AppDefaultProperties:
    public static final int $stable
    public final float getSHEET_BOTTOM_PADDING-D9Ej5fM()
com.github.jing332.tts_server_android.compose.AppUpdateDialogKt:
    private static final void PreviewAppUpdateDialog(androidx.compose.runtime.Composer,int)
    private static final boolean PreviewAppUpdateDialog$lambda$1(androidx.compose.runtime.MutableState)
    private static final void PreviewAppUpdateDialog$lambda$2(androidx.compose.runtime.MutableState,boolean)
    private static final kotlin.Unit PreviewAppUpdateDialog$lambda$4$lambda$3(androidx.compose.runtime.MutableState)
    private static final kotlin.Unit PreviewAppUpdateDialog$lambda$5(int,androidx.compose.runtime.Composer,int)
com.github.jing332.tts_server_android.compose.ComposableSingletons$PagerDestinationKt:
    public final kotlin.jvm.functions.Function2 getLambda-1$app_appRelease()
com.github.jing332.tts_server_android.compose.ComposeActivity:
    public static final int $stable
com.github.jing332.tts_server_android.compose.DebugSystemTtsActivity:
    public static final int $stable
com.github.jing332.tts_server_android.compose.LibrariesActivity:
    public static final int $stable
...
androidx.compose.ui.platform.InspectorValueInfo:
    private androidx.compose.ui.platform.InspectorInfo _values
    public kotlin.sequences.Sequence getInspectableElements()
    public java.lang.String getNameFallback()
    public java.lang.Object getValueOverride()
    private final androidx.compose.ui.platform.InspectorInfo getValues()
androidx.compose.ui.platform.JvmActuals_jvmKt:
    public static synthetic void AtomicInt$annotations()
    public static final java.lang.Object nativeClass(java.lang.Object)
    public static final java.lang.Object synchronized(java.lang.Object,kotlin.jvm.functions.Function0)
androidx.compose.ui.platform.MutableSpanStyle:
    public final long getBackground-0d7_KjU()
    public final androidx.compose.ui.text.style.BaselineShift getBaselineShift-5SSeXJ0()
    public final long getColor-0d7_KjU()
    public final androidx.compose.ui.text.font.FontFamily getFontFamily()
    public final java.lang.String getFontFeatureSettings()
    public final long getFontSize-XSAIIZE()
    public final androidx.compose.ui.text.font.FontStyle getFontStyle-4Lr2A7w()
    public final androidx.compose.ui.text.font.FontSynthesis getFontSynthesis-ZQGJjVo()
    public final androidx.compose.ui.text.font.FontWeight getFontWeight()
    public final long getLetterSpacing-XSAIIZE()
    public final androidx.compose.ui.text.intl.LocaleList getLocaleList()
    public final androidx.compose.ui.graphics.Shadow getShadow()
    public final androidx.compose.ui.text.style.TextDecoration getTextDecoration()
    public final androidx.compose.ui.text.style.TextGeometricTransform getTextGeometricTransform()
    public final void setFontFamily(androidx.compose.ui.text.font.FontFamily)
    public final void setLocaleList(androidx.compose.ui.text.intl.LocaleList)
androidx.compose.ui.platform.NestedScrollInteropConnection
androidx.compose.ui.platform.NestedScrollInteropConnectionKt:
    private static final float ScrollingAxesThreshold
    public static final synthetic int access$getScrollAxes-k-4lQ0M(long)
    public static final synthetic long access$toOffset-Uv8p0NA(int[],long)
    public static final synthetic int access$toViewType-GyEprt8(int)
    public static final synthetic float access$toViewVelocity(float)
    private static final int getScrollAxes-k-4lQ0M(long)
    public static final androidx.compose.ui.input.nestedscroll.NestedScrollConnection rememberNestedScrollInteropConnection(android.view.View,androidx.compose.runtime.Composer,int,int)
    private static final float reverseAxis(int)
    private static final long toOffset-Uv8p0NA(int[],long)
    private static final int toViewType-GyEprt8(int)
    private static final float toViewVelocity(float)
androidx.compose.ui.platform.PlatformTextInputModifierNodeKt$InterceptPlatformTextInput$1
androidx.compose.ui.platform.PlatformTextInputModifierNodeKt:
    public static final void InterceptPlatformTextInput(androidx.compose.ui.platform.PlatformTextInputInterceptor,kotlin.jvm.functions.Function2,androidx.compose.runtime.Composer,int)
androidx.compose.ui.platform.RenderNodeApi23$Companion:
    public final boolean getTestFailCreateRenderNode$ui_release()
    public final void setTestFailCreateRenderNode$ui_release(boolean)